#
# A fatal error has been detected by the Java Runtime Environment:
#
#  EXCEPTION_ACCESS_VIOLATION (0xc0000005) at pc=0x000000006eda0bd7, pid=4480, tid=0x000000000000113c
#
# JRE version: Java(TM) SE Runtime Environment (8.0_131-b11) (build 1.8.0_131-b11)
# Java VM: Java HotSpot(TM) 64-Bit Server VM (25.131-b11 mixed mode windows-amd64 compressed oops)
# Problematic frame:
# V  [jvm.dll+0x220bd7]
#
# Failed to write core dump. Minidumps are not enabled by default on client versions of Windows
#
# If you would like to submit a bug report, please visit:
#   http://bugreport.java.com/bugreport/crash.jsp
#

---------------  T H R E A D  ---------------

Current thread (0x0000000056558000):  WatcherThread [stack: 0x00000000124d0000,0x00000000125d0000] [id=4412]

siginfo: ExceptionCode=0xc0000005, reading address 0x0000000000000000

Registers:
RAX=0x0000000000000000, RBX=0x00000000021132a0, RCX=0x0000000002118350, RDX=0x0000000000000032
RSP=0x00000000125cf920, RBP=0x0000000000000003, RSI=0x0000000002114a10, RDI=0x0000000000000000
R8 =0x0000000000000000, R9 =0x00000000125cf970, R10=0x0000000000000000, R11=0x0000000002fb0a28
R12=0x0000000000000032, R13=0x0000000000000000, R14=0x0000000000000000, R15=0x0000000000000000
RIP=0x000000006eda0bd7, EFLAGS=0x0000000000010206

Top of Stack: (sp=0x00000000125cf920)
0x00000000125cf920:   0000000056558000 000000006ed97e31
0x00000000125cf930:   0000000056558000 000000006ed97895
0x00000000125cf940:   0000000000000000 000000006edb950e
0x00000000125cf950:   0000000000000002 000017f31ee18e5c
0x00000000125cf960:   00000000125cfcc0 000000006edbea26
0x00000000125cf970:   000000006f38f0b8 000000006edbdc8d
0x00000000125cf980:   0000000000000001 000000000229e150
0x00000000125cf990:   0000000000000000 0000000000000000
0x00000000125cf9a0:   0000000000000000 0000000000000000
0x00000000125cf9b0:   0000000000000032 000000006edc0900
0x00000000125cf9c0:   00000000125cfcc0 0000000000000000
0x00000000125cf9d0:   0000000056558000 0000000000000000
0x00000000125cf9e0:   000000000000027f 0000000000000000
0x00000000125cf9f0:   0000000000000000 0000ffff00001f80
0x00000000125cfa00:   0000000000000000 0000000000000000
0x00000000125cfa10:   0000000056558000 000000006ee1cc1a 

Instructions: (pc=0x000000006eda0bd7)
0x000000006eda0bb7:   e9 84 bc f5 ff cc cc cc cc 40 53 48 83 ec 20 48
0x000000006eda0bc7:   83 79 38 00 48 8b d9 74 10 48 8b 49 38 48 8b 01
0x000000006eda0bd7:   ff 10 48 8b 4b 28 48 89 01 48 83 c4 20 5b c3 cc
0x000000006eda0be7:   cc cc cc cc cc cc cc cc cc 40 53 48 83 ec 20 4c 


Register to memory mapping:

RAX=
[error occurred during error reporting (printing register info), id 0xc0000005]

Stack: [0x00000000124d0000,0x00000000125d0000],  sp=0x00000000125cf920,  free space=1022k
Native frames: (J=compiled Java code, j=interpreted, Vv=VM code, C=native code)
V  [jvm.dll+0x220bd7]
V  [jvm.dll+0x23950e]
V  [jvm.dll+0x23dc8d]
V  [jvm.dll+0x240900]
V  [jvm.dll+0x29cc1a]
C  [msvcr100.dll+0x21d9f]
C  [msvcr100.dll+0x21e3b]
C  [kernel32.dll+0x159cd]
C  [ntdll.dll+0x2a561]


---------------  P R O C E S S  ---------------

Java Threads: ( => current thread )
  0x000000005521f800 JavaThread "Service Thread" daemon [_thread_blocked, id=1120, stack(0x0000000057060000,0x0000000057160000)]
  0x0000000055215000 JavaThread "C1 CompilerThread2" daemon [_thread_blocked, id=4000, stack(0x0000000056ec0000,0x0000000056fc0000)]
  0x000000005652b000 JavaThread "C2 CompilerThread1" daemon [_thread_blocked, id=5952, stack(0x0000000056d00000,0x0000000056e00000)]
  0x0000000056523800 JavaThread "C2 CompilerThread0" daemon [_thread_blocked, id=4812, stack(0x0000000056bc0000,0x0000000056cc0000)]
  0x0000000056522800 JavaThread "Attach Listener" daemon [_thread_blocked, id=6116, stack(0x00000000569d0000,0x0000000056ad0000)]
  0x0000000055214000 JavaThread "Signal Dispatcher" daemon [_thread_blocked, id=4912, stack(0x00000000562e0000,0x00000000563e0000)]
  0x00000000551f9000 JavaThread "Finalizer" daemon [_thread_blocked, id=5184, stack(0x0000000056420000,0x0000000056520000)]
  0x00000000551b2000 JavaThread "Reference Handler" daemon [_thread_blocked, id=4844, stack(0x0000000056010000,0x0000000056110000)]
  0x000000000229f000 JavaThread "main" [_thread_in_vm, id=5576, stack(0x00000000025d0000,0x00000000026d0000)]

Other Threads:
  0x00000000551aa800 VMThread [stack: 0x00000000561b0000,0x00000000562b0000] [id=4468]
=>0x0000000056558000 WatcherThread [stack: 0x00000000124d0000,0x00000000125d0000] [id=4412]

VM state:not at safepoint (normal execution)

VM Mutex/Monitor currently owned by a thread:  ([mutex/lock_event])
[0x000000000229ced0] SymbolTable_lock - owner thread: 0x000000000229f000
[0x000000000229e150] PeriodicTask_lock - owner thread: 0x0000000056558000

Heap:
 PSYoungGen     
[error occurred during error reporting (printing heap information), id 0xc0000005]

CodeCache: size=245760Kb used=4169Kb max_used=4177Kb free=241590Kb
 bounds [0x00000000029a0000, 0x0000000002dc0000, 0x00000000119a0000]
 total_blobs=1473 nmethods=1167 adapters=218
 compilation: enabled

Compilation events (10 events):
Event: 0.923 Thread 0x0000000055215000 nmethod 1162 0x0000000002db12d0 code [0x0000000002db1480, 0x0000000002db1b10]
Event: 0.923 Thread 0x0000000055215000 1163       3       sun.reflect.UnsafeFieldAccessorImpl::ensureObj (23 bytes)
Event: 0.924 Thread 0x0000000056523800 nmethod 1161 0x0000000002db0f50 code [0x0000000002db10a0, 0x0000000002db1188]
Event: 0.924 Thread 0x0000000055215000 nmethod 1163 0x0000000002db0150 code [0x0000000002db0320, 0x0000000002db0c38]
Event: 0.924 Thread 0x0000000055215000 1164       3       java.lang.reflect.Field::acquireFieldAccessor (59 bytes)
Event: 0.924 Thread 0x000000005652b000 1166       4       java.util.ArrayList$Itr::next (66 bytes)
Event: 0.924 Thread 0x0000000055215000 nmethod 1164 0x0000000002db4c90 code [0x0000000002db4e60, 0x0000000002db55a8]
Event: 0.925 Thread 0x000000005652b000 nmethod 1166 0x0000000002db33d0 code [0x0000000002db3520, 0x0000000002db3638]
Event: 0.926 Thread 0x0000000055215000 1167       3       java.util.regex.Pattern$BitClass::isSatisfiedBy (22 bytes)
Event: 0.926 Thread 0x0000000055215000 nmethod 1167 0x0000000002db4810 code [0x0000000002db4980, 0x0000000002db4b90]


[error occurred during error reporting (printing ring buffers), id 0xc0000005]

Dynamic libraries:
0x000000013fb80000 - 0x000000013fbb7000 	C:\Program Files\Java\jdk1.8.0_131\bin\java.exe
0x0000000076dc0000 - 0x0000000076f6a000 	C:\windows\SYSTEM32\ntdll.dll
0x0000000076ca0000 - 0x0000000076dbf000 	C:\windows\system32\kernel32.dll
0x000007fefcaf0000 - 0x000007fefcb5a000 	C:\windows\system32\KERNELBASE.dll
0x000007fefe080000 - 0x000007fefe15b000 	C:\windows\system32\ADVAPI32.dll
0x000007fefebb0000 - 0x000007fefec4f000 	C:\windows\system32\msvcrt.dll
0x000007fefefd0000 - 0x000007fefefef000 	C:\windows\SYSTEM32\sechost.dll
0x000007fefec50000 - 0x000007fefed7d000 	C:\windows\system32\RPCRT4.dll
0x0000000076ba0000 - 0x0000000076c9a000 	C:\windows\system32\USER32.dll
0x000007fefef60000 - 0x000007fefefc7000 	C:\windows\system32\GDI32.dll
0x000007feff040000 - 0x000007feff04e000 	C:\windows\system32\LPK.dll
0x000007fefeae0000 - 0x000007fefebaa000 	C:\windows\system32\USP10.dll
0x000007fefb380000 - 0x000007fefb574000 	C:\windows\WinSxS\amd64_microsoft.windows.common-controls_6595b64144ccf1df_6.0.7601.18837_none_fa3b1e3d17594757\COMCTL32.dll
0x000007fefeee0000 - 0x000007fefef51000 	C:\windows\system32\SHLWAPI.dll
0x000007fefe270000 - 0x000007fefe29e000 	C:\windows\system32\IMM32.DLL
0x000007fefe160000 - 0x000007fefe269000 	C:\windows\system32\MSCTF.dll
0x0000000072770000 - 0x0000000072842000 	C:\Program Files\Java\jdk1.8.0_131\jre\bin\msvcr100.dll
0x000000006eb80000 - 0x000000006f41c000 	C:\Program Files\Java\jdk1.8.0_131\jre\bin\server\jvm.dll
0x000007fef06a0000 - 0x000007fef06a9000 	C:\windows\system32\WSOCK32.dll
0x000007fefeff0000 - 0x000007feff03d000 	C:\windows\system32\WS2_32.dll
0x000007fefe8a0000 - 0x000007fefe8a8000 	C:\windows\system32\NSI.dll
0x000007fefa2e0000 - 0x000007fefa31b000 	C:\windows\system32\WINMM.dll
0x000007fefbb90000 - 0x000007fefbb9c000 	C:\windows\system32\VERSION.dll
0x0000000076f80000 - 0x0000000076f87000 	C:\windows\system32\PSAPI.DLL
0x0000000073ad0000 - 0x0000000073adf000 	C:\Program Files\Java\jdk1.8.0_131\jre\bin\verify.dll
0x00000000728c0000 - 0x00000000728e9000 	C:\Program Files\Java\jdk1.8.0_131\jre\bin\java.dll
0x00000000728a0000 - 0x00000000728b6000 	C:\Program Files\Java\jdk1.8.0_131\jre\bin\zip.dll
0x000007fefce70000 - 0x000007fefdbfa000 	C:\windows\system32\SHELL32.dll
0x000007fefde80000 - 0x000007fefe07c000 	C:\windows\system32\ole32.dll
0x000007fefcac0000 - 0x000007fefcacf000 	C:\windows\system32\profapi.dll
0x000007fefc8b0000 - 0x000007fefc907000 	C:\windows\system32\apphelp.dll
0x000007feed830000 - 0x000007feed955000 	C:\windows\system32\dbghelp.dll

VM Arguments:
jvm_args: -Dclassworlds.conf=C:\Program Files\NetBeans 8.2\java\maven\bin\m2.conf -Dmaven.home=C:\Program Files\NetBeans 8.2\java\maven 
java_command: org.codehaus.plexus.classworlds.launcher.Launcher -Dtest=streaming.test.JPQLTest -Dmaven.ext.class.path=C:\Program Files\NetBeans 8.2\java\maven-nblib\netbeans-eventspy.jar;C:\Program Files\NetBeans 8.2\java\maven-nblib\netbeans-eventspy.jar -Dfile.encoding=UTF-8 surefire:test
java_class_path (initial): C:\Program Files\NetBeans 8.2\java\maven\boot\plexus-classworlds-2.4.jar
Launcher Type: SUN_STANDARD

Environment Variables:
JAVA_HOME=C:\Program Files\Java\jdk1.8.0_131
PATH=C:\ProgramData\Oracle\Java\javapath;C:\windows\system32;C:\windows;C:\windows\System32\Wbem;C:\windows\System32\WindowsPowerShell\v1.0\;C:\Program Files (x86)\Skype\Phone\;C:\Program Files (x86)\Brackets\command;C:\Program Files\Git\cmd
USERNAME=formation
OS=Windows_NT
PROCESSOR_IDENTIFIER=Intel64 Family 6 Model 60 Stepping 3, GenuineIntel



---------------  S Y S T E M  ---------------

OS: Windows 7 , 64 bit Build 7601 (6.1.7601.23714)

CPU:total 4 (initial active 4) (2 cores per cpu, 2 threads per core) family 6 model 60 stepping 3, cmov, cx8, fxsr, mmx, sse, sse2, sse3, ssse3, sse4.1, sse4.2, popcnt, avx, avx2, aes, clmul, erms, lzcnt, ht, tsc, tscinvbit, bmi1, bmi2

Memory: 4k page, physical 4100284k(860072k free), swap 8198708k(3514568k free)

vm_info: Java HotSpot(TM) 64-Bit Server VM (25.131-b11) for windows-amd64 JRE (1.8.0_131-b11), built on Mar 15 2017 01:23:53 by "java_re" with MS VC++ 10.0 (VS2010)

time: Tue May 02 16:24:30 2017
elapsed time: 1 seconds (0d 0h 0m 1s)

